#! /usr/bin/vvp
:ivl_version "11.0 (stable)";
:ivl_delay_selection "TYPICAL";
:vpi_time_precision + 0;
:vpi_module "/usr/lib/x86_64-linux-gnu/ivl/system.vpi";
:vpi_module "/usr/lib/x86_64-linux-gnu/ivl/vhdl_sys.vpi";
:vpi_module "/usr/lib/x86_64-linux-gnu/ivl/vhdl_textio.vpi";
:vpi_module "/usr/lib/x86_64-linux-gnu/ivl/v2005_math.vpi";
:vpi_module "/usr/lib/x86_64-linux-gnu/ivl/va_math.vpi";
S_0x5587d8ce8490 .scope module, "axi_top" "axi_top" 2 4;
 .timescale 0 0;
    .port_info 0 /INPUT 1 "clk";
    .port_info 1 /INPUT 1 "rst";
    .port_info 2 /INPUT 32 "mread_address";
    .port_info 3 /INPUT 32 "mwrite_address";
    .port_info 4 /INPUT 32 "mwrite_data";
    .port_info 5 /INPUT 32 "sread_data";
    .port_info 6 /INPUT 2 "response";
    .port_info 7 /OUTPUT 1 "ARVALID";
    .port_info 8 /OUTPUT 32 "ARADDR";
    .port_info 9 /OUTPUT 3 "ARPROT";
    .port_info 10 /OUTPUT 1 "ARREADY";
    .port_info 11 /OUTPUT 1 "RREADY";
    .port_info 12 /OUTPUT 32 "RDATA";
    .port_info 13 /OUTPUT 2 "RRESP";
    .port_info 14 /OUTPUT 1 "RVALID";
    .port_info 15 /OUTPUT 1 "AWVALID";
    .port_info 16 /OUTPUT 32 "AWADDR";
    .port_info 17 /OUTPUT 3 "AWPROT";
    .port_info 18 /OUTPUT 1 "AwREADY";
    .port_info 19 /OUTPUT 32 "WDATA";
    .port_info 20 /OUTPUT 1 "WVALID";
    .port_info 21 /OUTPUT 4 "WSTRB";
    .port_info 22 /OUTPUT 1 "WREADY";
    .port_info 23 /OUTPUT 1 "BREADY";
    .port_info 24 /OUTPUT 2 "BRESP";
    .port_info 25 /OUTPUT 1 "BVALID";
v0x5587d8d1dc60_0 .net "ARADDR", 31 0, v0x5587d8cd5d80_0;  1 drivers
v0x5587d8d1dd40_0 .net "ARPROT", 2 0, v0x5587d8cd6700_0;  1 drivers
v0x5587d8d1de50_0 .net "ARREADY", 0 0, v0x5587d8d1c5c0_0;  1 drivers
v0x5587d8d1df40_0 .net "ARVALID", 0 0, v0x5587d8ca3350_0;  1 drivers
v0x5587d8d1e030_0 .net "AWADDR", 31 0, v0x5587d8ca37b0_0;  1 drivers
v0x5587d8d1e170_0 .net "AWPROT", 2 0, v0x5587d8ca3ba0_0;  1 drivers
v0x5587d8d1e280_0 .net "AWVALID", 0 0, v0x5587d8cd2a10_0;  1 drivers
v0x5587d8d1e370_0 .net "AwREADY", 0 0, v0x5587d8d1c990_0;  1 drivers
v0x5587d8d1e460_0 .net "BREADY", 0 0, v0x5587d8d1adb0_0;  1 drivers
v0x5587d8d1e500_0 .net "BRESP", 1 0, v0x5587d8d1cb30_0;  1 drivers
v0x5587d8d1e610_0 .net "BVALID", 0 0, v0x5587d8d1cc00_0;  1 drivers
v0x5587d8d1e700_0 .net "RDATA", 31 0, v0x5587d8d1ccd0_0;  1 drivers
v0x5587d8d1e810_0 .net "RREADY", 0 0, v0x5587d8d1b0f0_0;  1 drivers
v0x5587d8d1e900_0 .net "RRESP", 1 0, v0x5587d8d1ce70_0;  1 drivers
v0x5587d8d1ea10_0 .net "RVALID", 0 0, v0x5587d8d1cf40_0;  1 drivers
v0x5587d8d1eb00_0 .net "WDATA", 31 0, v0x5587d8d1b350_0;  1 drivers
v0x5587d8d1ec10_0 .net "WREADY", 0 0, v0x5587d8d1d0e0_0;  1 drivers
v0x5587d8d1ee10_0 .net "WSTRB", 3 0, v0x5587d8d1b600_0;  1 drivers
v0x5587d8d1ef20_0 .net "WVALID", 0 0, v0x5587d8d1b6e0_0;  1 drivers
o0x7fa4e42983a8 .functor BUFZ 1, C4<z>; HiZ drive
v0x5587d8d1f010_0 .net "clk", 0 0, o0x7fa4e42983a8;  0 drivers
o0x7fa4e42983d8 .functor BUFZ 32, C4<zzzzzzzzzzzzzzzzzzzzzzzzzzzzzzzz>; HiZ drive
v0x5587d8d1f100_0 .net "mread_address", 31 0, o0x7fa4e42983d8;  0 drivers
o0x7fa4e4298438 .functor BUFZ 32, C4<zzzzzzzzzzzzzzzzzzzzzzzzzzzzzzzz>; HiZ drive
v0x5587d8d1f1c0_0 .net "mwrite_address", 31 0, o0x7fa4e4298438;  0 drivers
o0x7fa4e4298468 .functor BUFZ 32, C4<zzzzzzzzzzzzzzzzzzzzzzzzzzzzzzzz>; HiZ drive
v0x5587d8d1f260_0 .net "mwrite_data", 31 0, o0x7fa4e4298468;  0 drivers
o0x7fa4e4298978 .functor BUFZ 2, C4<zz>; HiZ drive
v0x5587d8d1f300_0 .net "response", 1 0, o0x7fa4e4298978;  0 drivers
o0x7fa4e42984c8 .functor BUFZ 1, C4<z>; HiZ drive
v0x5587d8d1f3a0_0 .net "rst", 0 0, o0x7fa4e42984c8;  0 drivers
o0x7fa4e42989d8 .functor BUFZ 32, C4<zzzzzzzzzzzzzzzzzzzzzzzzzzzzzzzz>; HiZ drive
v0x5587d8d1f490_0 .net "sread_data", 31 0, o0x7fa4e42989d8;  0 drivers
S_0x5587d8cf6bd0 .scope module, "master" "AXI_MASTER" 2 37, 3 1 0, S_0x5587d8ce8490;
 .timescale 0 0;
    .port_info 0 /INPUT 1 "clk";
    .port_info 1 /INPUT 1 "rst";
    .port_info 2 /INPUT 32 "mread_address";
    .port_info 3 /INPUT 32 "mwrite_address";
    .port_info 4 /INPUT 32 "mwrite_data";
    .port_info 5 /INPUT 1 "ARREADY";
    .port_info 6 /OUTPUT 1 "ARVALID";
    .port_info 7 /OUTPUT 32 "ARADDR";
    .port_info 8 /OUTPUT 3 "ARPROT";
    .port_info 9 /INPUT 32 "RDATA";
    .port_info 10 /INPUT 2 "RRESP";
    .port_info 11 /INPUT 1 "RVALID";
    .port_info 12 /OUTPUT 1 "RREADY";
    .port_info 13 /INPUT 1 "AwREADY";
    .port_info 14 /OUTPUT 1 "AWVALID";
    .port_info 15 /OUTPUT 32 "AWADDR";
    .port_info 16 /OUTPUT 3 "AWPROT";
    .port_info 17 /INPUT 1 "WREADY";
    .port_info 18 /OUTPUT 32 "WDATA";
    .port_info 19 /OUTPUT 1 "WVALID";
    .port_info 20 /OUTPUT 4 "WSTRB";
    .port_info 21 /INPUT 2 "BRESP";
    .port_info 22 /INPUT 1 "BVALID";
    .port_info 23 /OUTPUT 1 "BREADY";
v0x5587d8cd5d80_0 .var "ARADDR", 31 0;
v0x5587d8cd6700_0 .var "ARPROT", 2 0;
v0x5587d8cd7180_0 .net "ARREADY", 0 0, v0x5587d8d1c5c0_0;  alias, 1 drivers
v0x5587d8ca3350_0 .var "ARVALID", 0 0;
v0x5587d8ca37b0_0 .var "AWADDR", 31 0;
v0x5587d8ca3ba0_0 .var "AWPROT", 2 0;
v0x5587d8cd2a10_0 .var "AWVALID", 0 0;
v0x5587d8d1acf0_0 .net "AwREADY", 0 0, v0x5587d8d1c990_0;  alias, 1 drivers
v0x5587d8d1adb0_0 .var "BREADY", 0 0;
v0x5587d8d1ae70_0 .net "BRESP", 1 0, v0x5587d8d1cb30_0;  alias, 1 drivers
v0x5587d8d1af50_0 .net "BVALID", 0 0, v0x5587d8d1cc00_0;  alias, 1 drivers
v0x5587d8d1b010_0 .net "RDATA", 31 0, v0x5587d8d1ccd0_0;  alias, 1 drivers
v0x5587d8d1b0f0_0 .var "RREADY", 0 0;
v0x5587d8d1b1b0_0 .net "RRESP", 1 0, v0x5587d8d1ce70_0;  alias, 1 drivers
v0x5587d8d1b290_0 .net "RVALID", 0 0, v0x5587d8d1cf40_0;  alias, 1 drivers
v0x5587d8d1b350_0 .var "WDATA", 31 0;
v0x5587d8d1b430_0 .net "WREADY", 0 0, v0x5587d8d1d0e0_0;  alias, 1 drivers
v0x5587d8d1b600_0 .var "WSTRB", 3 0;
v0x5587d8d1b6e0_0 .var "WVALID", 0 0;
v0x5587d8d1b7a0_0 .net "clk", 0 0, o0x7fa4e42983a8;  alias, 0 drivers
v0x5587d8d1b860_0 .net "mread_address", 31 0, o0x7fa4e42983d8;  alias, 0 drivers
v0x5587d8d1b940_0 .var "mread_data", 31 0;
v0x5587d8d1ba20_0 .net "mwrite_address", 31 0, o0x7fa4e4298438;  alias, 0 drivers
v0x5587d8d1bb00_0 .net "mwrite_data", 31 0, o0x7fa4e4298468;  alias, 0 drivers
v0x5587d8d1bbe0_0 .var "res_valid", 1 0;
v0x5587d8d1bcc0_0 .net "rst", 0 0, o0x7fa4e42984c8;  alias, 0 drivers
E_0x5587d8cdfbb0 .event posedge, v0x5587d8d1b7a0_0;
S_0x5587d8d1c080 .scope module, "slave" "AXI_SlAVE" 2 69, 4 1 0, S_0x5587d8ce8490;
 .timescale 0 0;
    .port_info 0 /INPUT 1 "clk";
    .port_info 1 /INPUT 1 "rst";
    .port_info 2 /INPUT 32 "sread_data";
    .port_info 3 /INPUT 2 "response";
    .port_info 4 /INPUT 1 "ARVALID";
    .port_info 5 /INPUT 32 "ARADDR";
    .port_info 6 /INPUT 3 "ARPROT";
    .port_info 7 /OUTPUT 1 "ARREADY";
    .port_info 8 /INPUT 1 "RREADY";
    .port_info 9 /OUTPUT 32 "RDATA";
    .port_info 10 /OUTPUT 2 "RRESP";
    .port_info 11 /OUTPUT 1 "RVALID";
    .port_info 12 /INPUT 1 "AWVALID";
    .port_info 13 /INPUT 32 "AWADDR";
    .port_info 14 /INPUT 3 "AWPROT";
    .port_info 15 /OUTPUT 1 "AwREADY";
    .port_info 16 /INPUT 32 "WDATA";
    .port_info 17 /INPUT 1 "WVALID";
    .port_info 18 /INPUT 4 "WSTRB";
    .port_info 19 /OUTPUT 1 "WREADY";
    .port_info 20 /INPUT 1 "BREADY";
    .port_info 21 /OUTPUT 2 "BRESP";
    .port_info 22 /OUTPUT 1 "BVALID";
v0x5587d8d1c460_0 .net "ARADDR", 31 0, v0x5587d8cd5d80_0;  alias, 1 drivers
v0x5587d8d1c520_0 .net "ARPROT", 2 0, v0x5587d8cd6700_0;  alias, 1 drivers
v0x5587d8d1c5c0_0 .var "ARREADY", 0 0;
v0x5587d8d1c660_0 .net "ARVALID", 0 0, v0x5587d8ca3350_0;  alias, 1 drivers
v0x5587d8d1c700_0 .net "AWADDR", 31 0, v0x5587d8ca37b0_0;  alias, 1 drivers
v0x5587d8d1c7f0_0 .net "AWPROT", 2 0, v0x5587d8ca3ba0_0;  alias, 1 drivers
v0x5587d8d1c8c0_0 .net "AWVALID", 0 0, v0x5587d8cd2a10_0;  alias, 1 drivers
v0x5587d8d1c990_0 .var "AwREADY", 0 0;
v0x5587d8d1ca60_0 .net "BREADY", 0 0, v0x5587d8d1adb0_0;  alias, 1 drivers
v0x5587d8d1cb30_0 .var "BRESP", 1 0;
v0x5587d8d1cc00_0 .var "BVALID", 0 0;
v0x5587d8d1ccd0_0 .var "RDATA", 31 0;
v0x5587d8d1cda0_0 .net "RREADY", 0 0, v0x5587d8d1b0f0_0;  alias, 1 drivers
v0x5587d8d1ce70_0 .var "RRESP", 1 0;
v0x5587d8d1cf40_0 .var "RVALID", 0 0;
v0x5587d8d1d010_0 .net "WDATA", 31 0, v0x5587d8d1b350_0;  alias, 1 drivers
v0x5587d8d1d0e0_0 .var "WREADY", 0 0;
v0x5587d8d1d2c0_0 .net "WSTRB", 3 0, v0x5587d8d1b600_0;  alias, 1 drivers
v0x5587d8d1d390_0 .net "WVALID", 0 0, v0x5587d8d1b6e0_0;  alias, 1 drivers
v0x5587d8d1d460_0 .net "clk", 0 0, o0x7fa4e42983a8;  alias, 0 drivers
v0x5587d8d1d530_0 .net "response", 1 0, o0x7fa4e4298978;  alias, 0 drivers
v0x5587d8d1d5d0_0 .net "rst", 0 0, o0x7fa4e42984c8;  alias, 0 drivers
v0x5587d8d1d6a0_0 .var "sread_address", 31 0;
v0x5587d8d1d740_0 .net "sread_data", 31 0, o0x7fa4e42989d8;  alias, 0 drivers
v0x5587d8d1d7e0_0 .var "swrite_address", 31 0;
v0x5587d8d1d880_0 .var "swrite_data", 31 0;
v0x5587d8d1d920_0 .var "write_stobe", 2 0;
    .scope S_0x5587d8cf6bd0;
T_0 ;
    %wait E_0x5587d8cdfbb0;
    %load/vec4 v0x5587d8d1bcc0_0;
    %flag_set/vec4 8;
    %jmp/0xz  T_0.0, 8;
    %pushi/vec4 0, 0, 1;
    %assign/vec4 v0x5587d8ca3350_0, 0;
    %jmp T_0.1;
T_0.0 ;
    %load/vec4 v0x5587d8d1b860_0;
    %assign/vec4 v0x5587d8cd5d80_0, 0;
    %load/vec4 v0x5587d8d1b860_0;
    %cmpi/ne 0, 0, 32;
    %jmp/0xz  T_0.2, 4;
    %pushi/vec4 1, 0, 1;
    %assign/vec4 v0x5587d8ca3350_0, 0;
    %load/vec4 v0x5587d8cd7180_0;
    %flag_set/vec4 8;
    %jmp/0xz  T_0.4, 8;
    %pushi/vec4 0, 0, 1;
    %assign/vec4 v0x5587d8ca3350_0, 0;
T_0.4 ;
T_0.2 ;
T_0.1 ;
    %jmp T_0;
    .thread T_0;
    .scope S_0x5587d8cf6bd0;
T_1 ;
    %wait E_0x5587d8cdfbb0;
    %load/vec4 v0x5587d8d1bcc0_0;
    %flag_set/vec4 8;
    %jmp/0xz  T_1.0, 8;
    %pushi/vec4 0, 0, 1;
    %assign/vec4 v0x5587d8d1b0f0_0, 0;
    %jmp T_1.1;
T_1.0 ;
    %pushi/vec4 1, 0, 1;
    %assign/vec4 v0x5587d8d1b0f0_0, 0;
    %load/vec4 v0x5587d8d1b290_0;
    %load/vec4 v0x5587d8d1b0f0_0;
    %and;
    %flag_set/vec4 8;
    %jmp/0xz  T_1.2, 8;
    %load/vec4 v0x5587d8d1b010_0;
    %assign/vec4 v0x5587d8d1b940_0, 0;
T_1.2 ;
T_1.1 ;
    %jmp T_1;
    .thread T_1;
    .scope S_0x5587d8cf6bd0;
T_2 ;
    %wait E_0x5587d8cdfbb0;
    %load/vec4 v0x5587d8d1bcc0_0;
    %flag_set/vec4 8;
    %jmp/0xz  T_2.0, 8;
    %pushi/vec4 0, 0, 1;
    %assign/vec4 v0x5587d8cd2a10_0, 0;
    %jmp T_2.1;
T_2.0 ;
    %load/vec4 v0x5587d8d1ba20_0;
    %assign/vec4 v0x5587d8ca37b0_0, 0;
    %load/vec4 v0x5587d8d1ba20_0;
    %cmpi/ne 0, 0, 32;
    %jmp/0xz  T_2.2, 4;
    %pushi/vec4 1, 0, 1;
    %assign/vec4 v0x5587d8cd2a10_0, 0;
    %load/vec4 v0x5587d8d1acf0_0;
    %flag_set/vec4 8;
    %jmp/0xz  T_2.4, 8;
    %pushi/vec4 0, 0, 1;
    %assign/vec4 v0x5587d8cd2a10_0, 0;
T_2.4 ;
T_2.2 ;
T_2.1 ;
    %jmp T_2;
    .thread T_2;
    .scope S_0x5587d8cf6bd0;
T_3 ;
    %wait E_0x5587d8cdfbb0;
    %load/vec4 v0x5587d8d1bcc0_0;
    %flag_set/vec4 8;
    %jmp/0xz  T_3.0, 8;
    %pushi/vec4 0, 0, 1;
    %assign/vec4 v0x5587d8d1b6e0_0, 0;
    %jmp T_3.1;
T_3.0 ;
    %load/vec4 v0x5587d8d1bb00_0;
    %assign/vec4 v0x5587d8d1b350_0, 0;
    %pushi/vec4 7, 0, 4;
    %assign/vec4 v0x5587d8d1b600_0, 0;
    %load/vec4 v0x5587d8d1bb00_0;
    %cmpi/ne 0, 0, 32;
    %jmp/0xz  T_3.2, 4;
    %pushi/vec4 1, 0, 1;
    %assign/vec4 v0x5587d8d1b6e0_0, 0;
    %load/vec4 v0x5587d8d1b430_0;
    %flag_set/vec4 8;
    %jmp/0xz  T_3.4, 8;
    %pushi/vec4 0, 0, 1;
    %assign/vec4 v0x5587d8d1b6e0_0, 0;
T_3.4 ;
T_3.2 ;
T_3.1 ;
    %jmp T_3;
    .thread T_3;
    .scope S_0x5587d8cf6bd0;
T_4 ;
    %wait E_0x5587d8cdfbb0;
    %load/vec4 v0x5587d8d1bcc0_0;
    %flag_set/vec4 8;
    %jmp/0xz  T_4.0, 8;
    %pushi/vec4 0, 0, 1;
    %assign/vec4 v0x5587d8d1adb0_0, 0;
    %jmp T_4.1;
T_4.0 ;
    %pushi/vec4 1, 0, 1;
    %assign/vec4 v0x5587d8d1adb0_0, 0;
    %load/vec4 v0x5587d8d1adb0_0;
    %load/vec4 v0x5587d8d1ae70_0;
    %pushi/vec4 0, 0, 2;
    %cmp/ne;
    %flag_get/vec4 4;
    %and;
    %flag_set/vec4 8;
    %jmp/0xz  T_4.2, 8;
    %load/vec4 v0x5587d8d1af50_0;
    %pad/u 2;
    %assign/vec4 v0x5587d8d1bbe0_0, 0;
T_4.2 ;
T_4.1 ;
    %jmp T_4;
    .thread T_4;
    .scope S_0x5587d8d1c080;
T_5 ;
    %wait E_0x5587d8cdfbb0;
    %load/vec4 v0x5587d8d1d5d0_0;
    %flag_set/vec4 8;
    %jmp/0xz  T_5.0, 8;
    %pushi/vec4 0, 0, 1;
    %assign/vec4 v0x5587d8d1c5c0_0, 0;
    %pushi/vec4 0, 0, 32;
    %assign/vec4 v0x5587d8d1d6a0_0, 0;
    %jmp T_5.1;
T_5.0 ;
    %pushi/vec4 1, 0, 1;
    %assign/vec4 v0x5587d8d1c5c0_0, 0;
    %load/vec4 v0x5587d8d1c660_0;
    %load/vec4 v0x5587d8d1c5c0_0;
    %and;
    %flag_set/vec4 8;
    %jmp/0xz  T_5.2, 8;
    %load/vec4 v0x5587d8d1c460_0;
    %assign/vec4 v0x5587d8d1d6a0_0, 0;
T_5.2 ;
T_5.1 ;
    %jmp T_5;
    .thread T_5;
    .scope S_0x5587d8d1c080;
T_6 ;
    %wait E_0x5587d8cdfbb0;
    %load/vec4 v0x5587d8d1d5d0_0;
    %flag_set/vec4 8;
    %jmp/0xz  T_6.0, 8;
    %pushi/vec4 0, 0, 1;
    %assign/vec4 v0x5587d8d1cf40_0, 0;
    %jmp T_6.1;
T_6.0 ;
    %load/vec4 v0x5587d8d1d740_0;
    %assign/vec4 v0x5587d8d1ccd0_0, 0;
    %load/vec4 v0x5587d8d1d740_0;
    %cmpi/ne 0, 0, 32;
    %jmp/0xz  T_6.2, 4;
    %pushi/vec4 1, 0, 1;
    %assign/vec4 v0x5587d8d1cf40_0, 0;
    %load/vec4 v0x5587d8d1ccd0_0;
    %cmpi/ne 0, 0, 32;
    %jmp/0xz  T_6.4, 4;
    %pushi/vec4 0, 0, 1;
    %assign/vec4 v0x5587d8d1cf40_0, 0;
T_6.4 ;
T_6.2 ;
T_6.1 ;
    %jmp T_6;
    .thread T_6;
    .scope S_0x5587d8d1c080;
T_7 ;
    %wait E_0x5587d8cdfbb0;
    %load/vec4 v0x5587d8d1d5d0_0;
    %flag_set/vec4 8;
    %jmp/0xz  T_7.0, 8;
    %pushi/vec4 0, 0, 1;
    %assign/vec4 v0x5587d8d1c990_0, 0;
    %jmp T_7.1;
T_7.0 ;
    %pushi/vec4 1, 0, 1;
    %assign/vec4 v0x5587d8d1c990_0, 0;
    %load/vec4 v0x5587d8d1c8c0_0;
    %load/vec4 v0x5587d8d1c990_0;
    %and;
    %flag_set/vec4 8;
    %jmp/0xz  T_7.2, 8;
    %load/vec4 v0x5587d8d1d2c0_0;
    %pad/u 3;
    %assign/vec4 v0x5587d8d1d920_0, 0;
    %load/vec4 v0x5587d8d1c700_0;
    %assign/vec4 v0x5587d8d1d7e0_0, 0;
T_7.2 ;
T_7.1 ;
    %jmp T_7;
    .thread T_7;
    .scope S_0x5587d8d1c080;
T_8 ;
    %wait E_0x5587d8cdfbb0;
    %load/vec4 v0x5587d8d1d5d0_0;
    %flag_set/vec4 8;
    %jmp/0xz  T_8.0, 8;
    %pushi/vec4 0, 0, 3;
    %assign/vec4 v0x5587d8d1d920_0, 0;
    %pushi/vec4 0, 0, 1;
    %assign/vec4 v0x5587d8d1d0e0_0, 0;
    %jmp T_8.1;
T_8.0 ;
    %pushi/vec4 1, 0, 1;
    %assign/vec4 v0x5587d8d1d0e0_0, 0;
    %load/vec4 v0x5587d8d1d0e0_0;
    %load/vec4 v0x5587d8d1d390_0;
    %and;
    %flag_set/vec4 8;
    %jmp/0xz  T_8.2, 8;
    %load/vec4 v0x5587d8d1d010_0;
    %assign/vec4 v0x5587d8d1d880_0, 0;
T_8.2 ;
T_8.1 ;
    %jmp T_8;
    .thread T_8;
    .scope S_0x5587d8d1c080;
T_9 ;
    %wait E_0x5587d8cdfbb0;
    %load/vec4 v0x5587d8d1d5d0_0;
    %flag_set/vec4 8;
    %jmp/0xz  T_9.0, 8;
    %pushi/vec4 0, 0, 2;
    %assign/vec4 v0x5587d8d1cb30_0, 0;
    %jmp T_9.1;
T_9.0 ;
    %load/vec4 v0x5587d8d1d530_0;
    %assign/vec4 v0x5587d8d1cb30_0, 0;
    %load/vec4 v0x5587d8d1d530_0;
    %cmpi/ne 0, 0, 2;
    %jmp/0xz  T_9.2, 4;
    %pushi/vec4 1, 0, 1;
    %assign/vec4 v0x5587d8d1cc00_0, 0;
    %load/vec4 v0x5587d8d1ca60_0;
    %flag_set/vec4 8;
    %jmp/0xz  T_9.4, 8;
    %pushi/vec4 0, 0, 1;
    %assign/vec4 v0x5587d8d1cc00_0, 0;
T_9.4 ;
T_9.2 ;
T_9.1 ;
    %jmp T_9;
    .thread T_9;
# The file index is used to find the file name in the following table.
:file_names 5;
    "N/A";
    "<interactive>";
    "axi_top.v";
    "./AXI_MASTER.v";
    "./AXI_SLAVE.v";
