#! /usr/bin/vvp
:ivl_version "11.0 (stable)";
:ivl_delay_selection "TYPICAL";
:vpi_time_precision + 0;
:vpi_module "/usr/lib/x86_64-linux-gnu/ivl/system.vpi";
:vpi_module "/usr/lib/x86_64-linux-gnu/ivl/vhdl_sys.vpi";
:vpi_module "/usr/lib/x86_64-linux-gnu/ivl/vhdl_textio.vpi";
:vpi_module "/usr/lib/x86_64-linux-gnu/ivl/v2005_math.vpi";
:vpi_module "/usr/lib/x86_64-linux-gnu/ivl/va_math.vpi";
S_0x56377a161e90 .scope module, "AXI_SlAVE" "AXI_SlAVE" 2 1;
 .timescale 0 0;
    .port_info 0 /INPUT 1 "clk";
    .port_info 1 /INPUT 1 "rst";
    .port_info 2 /INPUT 32 "sread_data";
    .port_info 3 /INPUT 2 "response";
    .port_info 4 /INPUT 1 "ARVALID";
    .port_info 5 /INPUT 32 "ARADDR";
    .port_info 6 /INPUT 3 "ARPROT";
    .port_info 7 /OUTPUT 1 "ARREADY";
    .port_info 8 /INPUT 1 "RREADY";
    .port_info 9 /OUTPUT 32 "RDATA";
    .port_info 10 /OUTPUT 2 "RRESP";
    .port_info 11 /OUTPUT 1 "RVALID";
    .port_info 12 /INPUT 1 "AWVALID";
    .port_info 13 /INPUT 32 "AWADDR";
    .port_info 14 /INPUT 3 "AWPROT";
    .port_info 15 /OUTPUT 1 "AwREADY";
    .port_info 16 /INPUT 32 "WDATA";
    .port_info 17 /INPUT 1 "WVALID";
    .port_info 18 /INPUT 4 "WSTRB";
    .port_info 19 /OUTPUT 1 "WREADY";
    .port_info 20 /INPUT 1 "BREADY";
    .port_info 21 /OUTPUT 2 "BRESP";
    .port_info 22 /OUTPUT 1 "BVALID";
o0x7f227eebd018 .functor BUFZ 32, C4<zzzzzzzzzzzzzzzzzzzzzzzzzzzzzzzz>; HiZ drive
v0x56377a163350_0 .net "ARADDR", 31 0, o0x7f227eebd018;  0 drivers
o0x7f227eebd048 .functor BUFZ 3, C4<zzz>; HiZ drive
v0x56377a1637b0_0 .net "ARPROT", 2 0, o0x7f227eebd048;  0 drivers
v0x56377a163ba0_0 .var "ARREADY", 0 0;
o0x7f227eebd0a8 .functor BUFZ 1, C4<z>; HiZ drive
v0x56377a18bb10_0 .net "ARVALID", 0 0, o0x7f227eebd0a8;  0 drivers
o0x7f227eebd0d8 .functor BUFZ 32, C4<zzzzzzzzzzzzzzzzzzzzzzzzzzzzzzzz>; HiZ drive
v0x56377a1baaf0_0 .net "AWADDR", 31 0, o0x7f227eebd0d8;  0 drivers
o0x7f227eebd108 .functor BUFZ 3, C4<zzz>; HiZ drive
v0x56377a1bac20_0 .net "AWPROT", 2 0, o0x7f227eebd108;  0 drivers
o0x7f227eebd138 .functor BUFZ 1, C4<z>; HiZ drive
v0x56377a1bad00_0 .net "AWVALID", 0 0, o0x7f227eebd138;  0 drivers
v0x56377a1badc0_0 .var "AwREADY", 0 0;
o0x7f227eebd198 .functor BUFZ 1, C4<z>; HiZ drive
v0x56377a1bae80_0 .net "BREADY", 0 0, o0x7f227eebd198;  0 drivers
v0x56377a1baf40_0 .var "BRESP", 1 0;
v0x56377a1bb020_0 .var "BVALID", 0 0;
v0x56377a1bb0e0_0 .var "RDATA", 31 0;
o0x7f227eebd258 .functor BUFZ 1, C4<z>; HiZ drive
v0x56377a1bb1c0_0 .net "RREADY", 0 0, o0x7f227eebd258;  0 drivers
v0x56377a1bb280_0 .var "RRESP", 1 0;
v0x56377a1bb360_0 .var "RVALID", 0 0;
o0x7f227eebd2e8 .functor BUFZ 32, C4<zzzzzzzzzzzzzzzzzzzzzzzzzzzzzzzz>; HiZ drive
v0x56377a1bb420_0 .net "WDATA", 31 0, o0x7f227eebd2e8;  0 drivers
v0x56377a1bb500_0 .var "WREADY", 0 0;
o0x7f227eebd348 .functor BUFZ 4, C4<zzzz>; HiZ drive
v0x56377a1bb6d0_0 .net "WSTRB", 3 0, o0x7f227eebd348;  0 drivers
o0x7f227eebd378 .functor BUFZ 1, C4<z>; HiZ drive
v0x56377a1bb7b0_0 .net "WVALID", 0 0, o0x7f227eebd378;  0 drivers
o0x7f227eebd3a8 .functor BUFZ 1, C4<z>; HiZ drive
v0x56377a1bb870_0 .net "clk", 0 0, o0x7f227eebd3a8;  0 drivers
o0x7f227eebd3d8 .functor BUFZ 2, C4<zz>; HiZ drive
v0x56377a1bb930_0 .net "response", 1 0, o0x7f227eebd3d8;  0 drivers
o0x7f227eebd408 .functor BUFZ 1, C4<z>; HiZ drive
v0x56377a1bba10_0 .net "rst", 0 0, o0x7f227eebd408;  0 drivers
v0x56377a1bbad0_0 .var "sread_address", 31 0;
o0x7f227eebd468 .functor BUFZ 32, C4<zzzzzzzzzzzzzzzzzzzzzzzzzzzzzzzz>; HiZ drive
v0x56377a1bbbb0_0 .net "sread_data", 31 0, o0x7f227eebd468;  0 drivers
v0x56377a1bbc90_0 .var "swrite_address", 31 0;
v0x56377a1bbd70_0 .var "swrite_data", 31 0;
v0x56377a1bbe50_0 .var "write_stobe", 2 0;
E_0x56377a19fa50 .event posedge, v0x56377a1bb870_0;
    .scope S_0x56377a161e90;
T_0 ;
    %wait E_0x56377a19fa50;
    %load/vec4 v0x56377a1bba10_0;
    %flag_set/vec4 8;
    %jmp/0xz  T_0.0, 8;
    %pushi/vec4 0, 0, 1;
    %assign/vec4 v0x56377a163ba0_0, 0;
    %pushi/vec4 0, 0, 32;
    %assign/vec4 v0x56377a1bbad0_0, 0;
    %jmp T_0.1;
T_0.0 ;
    %pushi/vec4 1, 0, 1;
    %assign/vec4 v0x56377a163ba0_0, 0;
    %load/vec4 v0x56377a18bb10_0;
    %load/vec4 v0x56377a163ba0_0;
    %and;
    %flag_set/vec4 8;
    %jmp/0xz  T_0.2, 8;
    %load/vec4 v0x56377a163350_0;
    %assign/vec4 v0x56377a1bbad0_0, 0;
T_0.2 ;
T_0.1 ;
    %jmp T_0;
    .thread T_0;
    .scope S_0x56377a161e90;
T_1 ;
    %wait E_0x56377a19fa50;
    %load/vec4 v0x56377a1bba10_0;
    %flag_set/vec4 8;
    %jmp/0xz  T_1.0, 8;
    %pushi/vec4 0, 0, 1;
    %assign/vec4 v0x56377a1bb360_0, 0;
    %jmp T_1.1;
T_1.0 ;
    %load/vec4 v0x56377a1bbbb0_0;
    %assign/vec4 v0x56377a1bb0e0_0, 0;
    %load/vec4 v0x56377a1bbbb0_0;
    %cmpi/ne 0, 0, 32;
    %jmp/0xz  T_1.2, 4;
    %pushi/vec4 1, 0, 1;
    %assign/vec4 v0x56377a1bb360_0, 0;
    %load/vec4 v0x56377a1bb0e0_0;
    %cmpi/ne 0, 0, 32;
    %jmp/0xz  T_1.4, 4;
    %pushi/vec4 0, 0, 1;
    %assign/vec4 v0x56377a1bb360_0, 0;
T_1.4 ;
T_1.2 ;
T_1.1 ;
    %jmp T_1;
    .thread T_1;
    .scope S_0x56377a161e90;
T_2 ;
    %wait E_0x56377a19fa50;
    %load/vec4 v0x56377a1bba10_0;
    %flag_set/vec4 8;
    %jmp/0xz  T_2.0, 8;
    %pushi/vec4 0, 0, 1;
    %assign/vec4 v0x56377a1badc0_0, 0;
    %jmp T_2.1;
T_2.0 ;
    %pushi/vec4 1, 0, 1;
    %assign/vec4 v0x56377a1badc0_0, 0;
    %load/vec4 v0x56377a1bad00_0;
    %load/vec4 v0x56377a1badc0_0;
    %and;
    %flag_set/vec4 8;
    %jmp/0xz  T_2.2, 8;
    %load/vec4 v0x56377a1bb6d0_0;
    %pad/u 3;
    %assign/vec4 v0x56377a1bbe50_0, 0;
    %load/vec4 v0x56377a1baaf0_0;
    %assign/vec4 v0x56377a1bbc90_0, 0;
T_2.2 ;
T_2.1 ;
    %jmp T_2;
    .thread T_2;
    .scope S_0x56377a161e90;
T_3 ;
    %wait E_0x56377a19fa50;
    %load/vec4 v0x56377a1bba10_0;
    %flag_set/vec4 8;
    %jmp/0xz  T_3.0, 8;
    %pushi/vec4 0, 0, 3;
    %assign/vec4 v0x56377a1bbe50_0, 0;
    %pushi/vec4 0, 0, 1;
    %assign/vec4 v0x56377a1bb500_0, 0;
    %jmp T_3.1;
T_3.0 ;
    %pushi/vec4 1, 0, 1;
    %assign/vec4 v0x56377a1bb500_0, 0;
    %load/vec4 v0x56377a1bb500_0;
    %load/vec4 v0x56377a1bb7b0_0;
    %and;
    %flag_set/vec4 8;
    %jmp/0xz  T_3.2, 8;
    %load/vec4 v0x56377a1bb420_0;
    %assign/vec4 v0x56377a1bbd70_0, 0;
T_3.2 ;
T_3.1 ;
    %jmp T_3;
    .thread T_3;
    .scope S_0x56377a161e90;
T_4 ;
    %wait E_0x56377a19fa50;
    %load/vec4 v0x56377a1bba10_0;
    %flag_set/vec4 8;
    %jmp/0xz  T_4.0, 8;
    %pushi/vec4 0, 0, 2;
    %assign/vec4 v0x56377a1baf40_0, 0;
    %jmp T_4.1;
T_4.0 ;
    %load/vec4 v0x56377a1bb930_0;
    %assign/vec4 v0x56377a1baf40_0, 0;
    %load/vec4 v0x56377a1bb930_0;
    %cmpi/ne 0, 0, 2;
    %jmp/0xz  T_4.2, 4;
    %pushi/vec4 1, 0, 1;
    %assign/vec4 v0x56377a1bb020_0, 0;
    %load/vec4 v0x56377a1bae80_0;
    %flag_set/vec4 8;
    %jmp/0xz  T_4.4, 8;
    %pushi/vec4 0, 0, 1;
    %assign/vec4 v0x56377a1bb020_0, 0;
T_4.4 ;
T_4.2 ;
T_4.1 ;
    %jmp T_4;
    .thread T_4;
# The file index is used to find the file name in the following table.
:file_names 3;
    "N/A";
    "<interactive>";
    "AXI_SLAVE.v";
